2023/05/04 12:07:23.106 => OpenSerial: Com=6 BaudRate=256000, Success=1
2023/05/04 12:07:25.191 => CRadarProtocolProcess::OpenCmdMode: CMDID(0x00FF) failed with:A001
2023/05/04 12:07:27.267 => CRadarProtocolProcess::OpenCmdMode: CMDID(0x00FF) failed with:A001
2023/05/04 12:07:29.466 => CRadarProtocolProcess::OpenCmdMode: CMDID(0x00FF) failed with:A001
2023/05/04 12:07:31.543 => CRadarProtocolProcess::OpenCmdMode: CMDID(0x00FF) failed with:A001
2023/05/04 12:14:55.186 => Open \\.\COM6 failed:2
2023/05/04 12:14:55.186 => OpenSerial: Com=6 BaudRate=256000, Success=0
2023/05/04 12:15:10.860 => Open \\.\COM6 failed:2
2023/05/04 12:15:10.860 => OpenSerial: Com=6 BaudRate=256000, Success=0
2023/05/04 12:15:12.692 => Open \\.\COM6 failed:2
2023/05/04 12:15:12.692 => OpenSerial: Com=6 BaudRate=256000, Success=0
2023/05/04 12:17:56.926 => Open \\.\COM6 failed:2
2023/05/04 12:17:56.926 => OpenSerial: Com=6 BaudRate=256000, Success=0
2023/05/04 12:17:58.499 => Open \\.\COM6 failed:2
2023/05/04 12:17:58.500 => OpenSerial: Com=6 BaudRate=256000, Success=0
2023/05/04 12:18:56.375 => Open \\.\COM6 failed:2
2023/05/04 12:18:56.375 => OpenSerial: Com=6 BaudRate=256000, Success=0
2023/05/04 12:18:58.570 => Open \\.\COM6 failed:2
2023/05/04 12:18:58.570 => OpenSerial: Com=6 BaudRate=256000, Success=0
2023/05/04 12:19:00.694 => Open \\.\COM6 failed:2
2023/05/04 12:19:00.694 => OpenSerial: Com=6 BaudRate=256000, Success=0
2023/05/04 12:19:02.743 => OpenSerial: Com=7 BaudRate=256000, Success=1
2023/05/04 12:19:04.815 => CRadarProtocolProcess::OpenCmdMode: CMDID(0x00FF) failed with:A001
2023/05/04 12:19:04.923 => WriteOnePacket write 0 bytes, total need write 12, has write 0
2023/05/04 12:19:05.158 => WriteOnePacket write 0 bytes, total need write 14, has write 0
2023/05/04 12:19:05.265 => WriteOnePacket write 0 bytes, total need write 12, has write 0
2023/05/04 12:19:25.131 => Cancel Read Data
