2022/06/24 18:23:09.210 => OpenSerial: Com=16 BaudRate=256000, Success=1
2022/06/24 18:23:09.216 => CRadarProtocolProcess::OpenCmdMode: CMDID(0x00FF) Success
2022/06/24 18:23:09.216 => protocol version = 1, send_recv buffer size = 64
2022/06/24 18:23:09.333 => CRadarProtocolProcess::OpenCmdMode: CMDID(0x00FF) Success
2022/06/24 18:23:09.333 => protocol version = 1, send_recv buffer size = 64
2022/06/24 18:23:09.338 => CRadarProtocolProcess::UpdateVersion: CMDID(0x0000) Success
2022/06/24 18:23:09.338 => GetVersion Return: v1.4.4_32772.0
2022/06/24 18:23:14.916 => CRadarProtocolProcess::OpenCmdMode: CMDID(0x00FF) Success
2022/06/24 18:23:14.916 => protocol version = 1, send_recv buffer size = 64
2022/06/24 18:23:15.032 => CRadarProtocolProcess::OpenCmdMode: CMDID(0x00FF) Success
2022/06/24 18:23:15.032 => protocol version = 1, send_recv buffer size = 64
2022/06/24 18:23:15.597 => CRadarProtocolProcess::SendCommand: CMDID(0x0063) Success
2022/06/24 18:23:15.602 => CRadarProtocolProcess::CloseCmdMode: CMDID(0x00FE) Success
2022/06/24 18:23:15.613 => thread information, name=ABDData, tid=5796(0x000016a4)
2022/06/24 18:23:15.625 => thread create success, thread handle=0x0000088c, id=5796, name=ABDData
2022/06/24 18:23:15.655 => State=1, M_D=030, M_S=100, ML_D=000, ML_S=054, R_D=000
2022/06/24 18:23:15.756 => State=3, M_D=030, M_S=100, ML_D=000, ML_S=093, R_D=000
2022/06/24 18:23:15.827 => State=3, M_D=030, M_S=100, ML_D=000, ML_S=100, R_D=000
2022/06/24 18:23:15.962 => State=2, M_D=148, M_S=100, ML_D=000, ML_S=100, R_D=000
2022/06/24 18:23:16.077 => State=2, M_D=030, M_S=100, ML_D=000, ML_S=100, R_D=000
2022/06/24 18:23:16.127 => State=3, M_D=030, M_S=100, ML_D=000, ML_S=100, R_D=000
2022/06/24 18:23:16.182 => State=3, M_D=030, M_S=100, ML_D=000, ML_S=100, R_D=000
2022/06/24 18:23:16.296 => State=3, M_D=030, M_S=100, ML_D=000, ML_S=100, R_D=000
2022/06/24 18:23:16.360 => State=3, M_D=030, M_S=100, ML_D=000, ML_S=100, R_D=000
2022/06/24 18:23:16.409 => State=3, M_D=065, M_S=100, ML_D=000, ML_S=100, R_D=000
2022/06/24 18:23:16.524 => State=3, M_D=070, M_S=100, ML_D=000, ML_S=100, R_D=000
2022/06/24 18:23:16.638 => State=3, M_D=030, M_S=100, ML_D=000, ML_S=100, R_D=000
2022/06/24 18:23:16.687 => State=3, M_D=060, M_S=100, ML_D=000, ML_S=100, R_D=000
2022/06/24 18:23:16.802 => State=3, M_D=062, M_S=100, ML_D=000, ML_S=100, R_D=000
2022/06/24 18:23:16.917 => State=3, M_D=125, M_S=100, ML_D=000, ML_S=100, R_D=000
2022/06/24 18:23:17.026 => State=3, M_D=041, M_S=100, ML_D=000, ML_S=100, R_D=000
2022/06/24 18:23:17.142 => State=3, M_D=083, M_S=100, ML_D=000, ML_S=100, R_D=032
2022/06/24 18:23:17.192 => State=3, M_D=071, M_S=100, ML_D=000, ML_S=100, R_D=034
2022/06/24 18:23:17.307 => State=3, M_D=060, M_S=100, ML_D=000, ML_S=100, R_D=035
2022/06/24 18:23:17.385 => State=3, M_D=030, M_S=100, ML_D=000, ML_S=100, R_D=032
2022/06/24 18:23:17.500 => State=3, M_D=030, M_S=100, ML_D=000, ML_S=100, R_D=000
2022/06/24 18:23:17.551 => State=3, M_D=052, M_S=100, ML_D=000, ML_S=100, R_D=030
2022/06/24 18:23:17.602 => State=3, M_D=062, M_S=100, ML_D=000, ML_S=100, R_D=032
2022/06/24 18:23:17.716 => State=3, M_D=030, M_S=100, ML_D=000, ML_S=100, R_D=000
2022/06/24 18:23:17.800 => State=3, M_D=072, M_S=100, ML_D=000, ML_S=100, R_D=033
2022/06/24 18:23:17.914 => State=3, M_D=030, M_S=100, ML_D=000, ML_S=100, R_D=030
2022/06/24 18:23:17.965 => State=3, M_D=060, M_S=100, ML_D=000, ML_S=100, R_D=032
2022/06/24 18:23:18.079 => State=3, M_D=060, M_S=100, ML_D=000, ML_S=100, R_D=033
2022/06/24 18:23:18.194 => State=3, M_D=030, M_S=100, ML_D=000, ML_S=100, R_D=030
2022/06/24 18:23:18.244 => State=3, M_D=030, M_S=100, ML_D=000, ML_S=100, R_D=000
2022/06/24 18:23:18.360 => State=3, M_D=030, M_S=100, ML_D=000, ML_S=100, R_D=000
2022/06/24 18:23:18.475 => State=3, M_D=030, M_S=100, ML_D=000, ML_S=100, R_D=000
2022/06/24 18:23:18.526 => State=3, M_D=030, M_S=100, ML_D=000, ML_S=100, R_D=000
2022/06/24 18:23:18.642 => State=3, M_D=042, M_S=100, ML_D=000, ML_S=100, R_D=000
2022/06/24 18:23:18.756 => State=3, M_D=030, M_S=100, ML_D=000, ML_S=100, R_D=000
2022/06/24 18:23:18.807 => State=3, M_D=042, M_S=100, ML_D=000, ML_S=100, R_D=000
2022/06/24 18:23:18.875 => State=3, M_D=030, M_S=100, ML_D=000, ML_S=100, R_D=000
2022/06/24 18:23:18.990 => State=3, M_D=067, M_S=100, ML_D=000, ML_S=100, R_D=000
2022/06/24 18:23:19.059 => State=3, M_D=070, M_S=100, ML_D=000, ML_S=100, R_D=000
2022/06/24 18:23:19.110 => State=3, M_D=082, M_S=100, ML_D=000, ML_S=100, R_D=033
2022/06/24 18:23:19.161 => State=3, M_D=030, M_S=100, ML_D=000, ML_S=100, R_D=030
2022/06/24 18:23:19.275 => State=3, M_D=030, M_S=100, ML_D=000, ML_S=100, R_D=000
2022/06/24 18:23:19.339 => State=3, M_D=030, M_S=100, ML_D=000, ML_S=100, R_D=000
2022/06/24 18:23:19.389 => State=3, M_D=070, M_S=100, ML_D=000, ML_S=100, R_D=000
2022/06/24 18:23:19.504 => State=3, M_D=072, M_S=072, ML_D=000, ML_S=100, R_D=033
2022/06/24 18:23:19.618 => State=3, M_D=030, M_S=100, ML_D=000, ML_S=100, R_D=030
2022/06/24 18:23:19.667 => State=3, M_D=065, M_S=095, ML_D=000, ML_S=100, R_D=033
2022/06/24 18:23:19.726 => State=2, M_D=065, M_S=000, ML_D=000, ML_S=100, R_D=035
2022/06/24 18:23:19.904 => State=2, M_D=065, M_S=000, ML_D=000, ML_S=100, R_D=037
2022/06/24 18:23:19.955 => State=3, M_D=030, M_S=099, ML_D=000, ML_S=100, R_D=034
2022/06/24 18:23:20.071 => State=2, M_D=030, M_S=000, ML_D=000, ML_S=100, R_D=000
2022/06/24 18:23:20.185 => State=3, M_D=042, M_S=100, ML_D=000, ML_S=100, R_D=000
2022/06/24 18:23:20.236 => State=3, M_D=067, M_S=100, ML_D=000, ML_S=100, R_D=000
2022/06/24 18:23:20.352 => State=3, M_D=061, M_S=100, ML_D=000, ML_S=100, R_D=000
2022/06/24 18:23:20.467 => State=3, M_D=030, M_S=100, ML_D=000, ML_S=100, R_D=000
2022/06/24 18:23:20.518 => State=3, M_D=045, M_S=100, ML_D=000, ML_S=100, R_D=000
2022/06/24 18:23:20.578 => State=3, M_D=057, M_S=100, ML_D=000, ML_S=100, R_D=000
2022/06/24 18:23:20.711 => State=3, M_D=058, M_S=100, ML_D=000, ML_S=100, R_D=000
2022/06/24 18:23:20.825 => State=3, M_D=070, M_S=100, ML_D=000, ML_S=100, R_D=000
2022/06/24 18:23:20.876 => State=3, M_D=030, M_S=100, ML_D=000, ML_S=100, R_D=000
2022/06/24 18:23:20.948 => Cancel Read Data
2022/06/24 18:23:20.948 => prepare exit thread..., name=ABDData, tid=5796(0x000016a4)
2022/06/24 18:23:20.977 => thread exit, name=ABDData, tid=5796(0x000016a4)
2022/06/24 18:23:20.977 => thread exit over, name=ABDData, tid=5796(0x000016a4)
2022/06/24 18:23:21.891 => Cancel Read Data
