2022/06/30 11:36:59.272 => OpenSerial: Com=16 BaudRate=256000, Success=1
2022/06/30 11:36:59.309 => CRadarProtocolProcess::OpenCmdMode: CMDID(0x00FF) Success
2022/06/30 11:36:59.309 => protocol version = 1, send_recv buffer size = 64
2022/06/30 11:36:59.414 => CRadarProtocolProcess::OpenCmdMode: CMDID(0x00FF) Success
2022/06/30 11:36:59.415 => protocol version = 1, send_recv buffer size = 64
2022/06/30 11:36:59.431 => CRadarProtocolProcess::UpdateVersion: CMDID(0x0000) Success
2022/06/30 11:36:59.431 => GetVersion Return: v1.4.4_32772.0
2022/06/30 11:37:00.654 => CRadarProtocolProcess::OpenCmdMode: CMDID(0x00FF) Success
2022/06/30 11:37:00.654 => protocol version = 1, send_recv buffer size = 64
2022/06/30 11:37:00.772 => CRadarProtocolProcess::OpenCmdMode: CMDID(0x00FF) Success
2022/06/30 11:37:00.772 => protocol version = 1, send_recv buffer size = 64
2022/06/30 11:37:01.332 => CRadarProtocolProcess::SendCommand: CMDID(0x0063) Success
2022/06/30 11:37:01.337 => CRadarProtocolProcess::CloseCmdMode: CMDID(0x00FE) Success
2022/06/30 11:37:01.351 => thread create success, thread handle=0x00000870, id=18228, name=ABDData
2022/06/30 11:37:01.351 => thread information, name=ABDData, tid=18228(0x00004734)
2022/06/30 11:37:01.443 => State=3, M_D=030, M_S=100, ML_D=000, ML_S=100, R_D=000
2022/06/30 11:37:01.515 => State=3, M_D=030, M_S=100, ML_D=000, ML_S=100, R_D=000
2022/06/30 11:37:01.585 => State=3, M_D=039, M_S=100, ML_D=000, ML_S=100, R_D=000
2022/06/30 11:37:01.656 => State=3, M_D=069, M_S=100, ML_D=000, ML_S=100, R_D=000
2022/06/30 11:37:01.726 => State=3, M_D=049, M_S=100, ML_D=000, ML_S=100, R_D=000
2022/06/30 11:37:01.798 => State=3, M_D=030, M_S=100, ML_D=000, ML_S=100, R_D=000
2022/06/30 11:37:01.869 => State=3, M_D=061, M_S=100, ML_D=000, ML_S=100, R_D=000
2022/06/30 11:37:01.939 => State=3, M_D=030, M_S=100, ML_D=000, ML_S=100, R_D=000
2022/06/30 11:37:02.011 => State=3, M_D=030, M_S=100, ML_D=000, ML_S=100, R_D=000
2022/06/30 11:37:02.145 => State=3, M_D=030, M_S=100, ML_D=000, ML_S=100, R_D=000
2022/06/30 11:37:02.259 => State=3, M_D=030, M_S=100, ML_D=000, ML_S=100, R_D=000
2022/06/30 11:37:02.311 => State=3, M_D=069, M_S=100, ML_D=000, ML_S=100, R_D=000
2022/06/30 11:37:02.425 => State=3, M_D=061, M_S=100, ML_D=000, ML_S=100, R_D=000
2022/06/30 11:37:02.541 => State=3, M_D=067, M_S=100, ML_D=000, ML_S=100, R_D=000
2022/06/30 11:37:02.644 => State=3, M_D=070, M_S=100, ML_D=000, ML_S=100, R_D=000
2022/06/30 11:37:02.759 => State=3, M_D=053, M_S=100, ML_D=000, ML_S=100, R_D=030
2022/06/30 11:37:02.810 => State=3, M_D=030, M_S=100, ML_D=000, ML_S=100, R_D=000
2022/06/30 11:37:02.861 => State=3, M_D=030, M_S=100, ML_D=000, ML_S=100, R_D=000
2022/06/30 11:37:02.929 => State=3, M_D=084, M_S=100, ML_D=000, ML_S=100, R_D=031
2022/06/30 11:37:03.045 => State=3, M_D=054, M_S=100, ML_D=000, ML_S=100, R_D=031
2022/06/30 11:37:03.102 => State=3, M_D=030, M_S=100, ML_D=000, ML_S=100, R_D=000
2022/06/30 11:37:03.154 => State=3, M_D=030, M_S=100, ML_D=000, ML_S=100, R_D=000
2022/06/30 11:37:03.268 => State=2, M_D=118, M_S=067, ML_D=000, ML_S=100, R_D=035
2022/06/30 11:37:03.384 => State=3, M_D=062, M_S=100, ML_D=000, ML_S=100, R_D=036
2022/06/30 11:37:03.435 => State=3, M_D=030, M_S=100, ML_D=000, ML_S=100, R_D=033
2022/06/30 11:37:03.550 => State=3, M_D=030, M_S=100, ML_D=000, ML_S=100, R_D=030
2022/06/30 11:37:03.664 => State=3, M_D=073, M_S=100, ML_D=000, ML_S=100, R_D=034
2022/06/30 11:37:03.715 => State=3, M_D=049, M_S=100, ML_D=000, ML_S=100, R_D=034
2022/06/30 11:37:03.830 => State=3, M_D=052, M_S=100, ML_D=000, ML_S=100, R_D=034
2022/06/30 11:37:03.920 => State=3, M_D=030, M_S=100, ML_D=000, ML_S=100, R_D=031
2022/06/30 11:37:04.035 => State=3, M_D=071, M_S=100, ML_D=000, ML_S=100, R_D=033
2022/06/30 11:37:04.087 => State=3, M_D=030, M_S=100, ML_D=000, ML_S=100, R_D=030
2022/06/30 11:37:04.138 => State=3, M_D=073, M_S=100, ML_D=000, ML_S=100, R_D=034
2022/06/30 11:37:04.254 => State=3, M_D=068, M_S=100, ML_D=000, ML_S=100, R_D=036
2022/06/30 11:37:04.332 => State=3, M_D=061, M_S=100, ML_D=000, ML_S=100, R_D=037
2022/06/30 11:37:04.445 => State=3, M_D=030, M_S=100, ML_D=000, ML_S=100, R_D=034
2022/06/30 11:37:04.496 => State=3, M_D=030, M_S=100, ML_D=000, ML_S=100, R_D=031
2022/06/30 11:37:04.611 => State=3, M_D=030, M_S=100, ML_D=000, ML_S=100, R_D=000
2022/06/30 11:37:04.723 => State=3, M_D=066, M_S=100, ML_D=000, ML_S=100, R_D=031
2022/06/30 11:37:04.837 => State=3, M_D=030, M_S=100, ML_D=000, ML_S=100, R_D=000
2022/06/30 11:37:04.953 => State=3, M_D=030, M_S=100, ML_D=000, ML_S=100, R_D=000
2022/06/30 11:37:05.004 => State=3, M_D=030, M_S=100, ML_D=000, ML_S=100, R_D=000
2022/06/30 11:37:05.119 => State=3, M_D=030, M_S=100, ML_D=000, ML_S=100, R_D=000
2022/06/30 11:37:05.233 => State=3, M_D=079, M_S=100, ML_D=000, ML_S=100, R_D=000
2022/06/30 11:37:05.285 => State=3, M_D=030, M_S=100, ML_D=000, ML_S=100, R_D=000
2022/06/30 11:37:05.399 => State=3, M_D=030, M_S=089, ML_D=000, ML_S=100, R_D=000
2022/06/30 11:37:05.515 => State=3, M_D=056, M_S=100, ML_D=000, ML_S=100, R_D=000
2022/06/30 11:37:05.566 => State=3, M_D=030, M_S=100, ML_D=000, ML_S=100, R_D=000
2022/06/30 11:37:05.681 => State=3, M_D=030, M_S=093, ML_D=000, ML_S=100, R_D=000
2022/06/30 11:37:05.796 => State=3, M_D=030, M_S=100, ML_D=000, ML_S=100, R_D=000
2022/06/30 11:37:05.847 => State=3, M_D=078, M_S=100, ML_D=000, ML_S=100, R_D=000
2022/06/30 11:37:05.962 => State=3, M_D=077, M_S=100, ML_D=000, ML_S=100, R_D=000
2022/06/30 11:37:06.011 => State=3, M_D=071, M_S=100, ML_D=000, ML_S=100, R_D=032
2022/06/30 11:37:06.061 => State=3, M_D=060, M_S=100, ML_D=000, ML_S=100, R_D=033
2022/06/30 11:37:06.176 => State=3, M_D=063, M_S=100, ML_D=000, ML_S=100, R_D=034
2022/06/30 11:37:06.292 => State=3, M_D=030, M_S=100, ML_D=000, ML_S=100, R_D=031
2022/06/30 11:37:06.341 => State=3, M_D=030, M_S=100, ML_D=000, ML_S=100, R_D=000
2022/06/30 11:37:06.456 => State=3, M_D=030, M_S=062, ML_D=000, ML_S=100, R_D=000
2022/06/30 11:37:06.571 => State=3, M_D=055, M_S=100, ML_D=000, ML_S=100, R_D=000
2022/06/30 11:37:06.685 => State=3, M_D=076, M_S=081, ML_D=000, ML_S=100, R_D=031
2022/06/30 11:37:06.798 => State=3, M_D=030, M_S=100, ML_D=000, ML_S=100, R_D=000
2022/06/30 11:37:06.849 => State=3, M_D=052, M_S=100, ML_D=000, ML_S=100, R_D=000
2022/06/30 11:37:06.965 => State=3, M_D=052, M_S=100, ML_D=000, ML_S=100, R_D=030
2022/06/30 11:37:07.079 => State=3, M_D=074, M_S=100, ML_D=000, ML_S=100, R_D=034
2022/06/30 11:37:07.131 => State=3, M_D=076, M_S=100, ML_D=000, ML_S=100, R_D=037
2022/06/30 11:37:07.186 => State=3, M_D=074, M_S=069, ML_D=000, ML_S=100, R_D=040
2022/06/30 11:37:07.301 => State=3, M_D=065, M_S=100, ML_D=000, ML_S=100, R_D=041
2022/06/30 11:37:07.396 => State=3, M_D=054, M_S=100, ML_D=000, ML_S=100, R_D=040
2022/06/30 11:37:07.511 => State=3, M_D=040, M_S=100, ML_D=000, ML_S=100, R_D=038
2022/06/30 11:37:07.607 => State=3, M_D=030, M_S=100, ML_D=000, ML_S=100, R_D=035
2022/06/30 11:37:07.722 => State=3, M_D=030, M_S=100, ML_D=000, ML_S=100, R_D=032
2022/06/30 11:37:07.772 => State=3, M_D=039, M_S=100, ML_D=000, ML_S=100, R_D=030
2022/06/30 11:37:07.886 => State=3, M_D=030, M_S=074, ML_D=000, ML_S=100, R_D=000
2022/06/30 11:37:08.001 => State=3, M_D=059, M_S=100, ML_D=000, ML_S=100, R_D=030
2022/06/30 11:37:08.051 => State=3, M_D=075, M_S=100, ML_D=000, ML_S=100, R_D=034
2022/06/30 11:37:08.108 => State=3, M_D=073, M_S=100, ML_D=000, ML_S=100, R_D=037
2022/06/30 11:37:08.224 => State=3, M_D=072, M_S=100, ML_D=000, ML_S=100, R_D=040
2022/06/30 11:37:08.293 => State=3, M_D=069, M_S=100, ML_D=000, ML_S=100, R_D=041
2022/06/30 11:37:08.353 => State=3, M_D=068, M_S=100, ML_D=000, ML_S=100, R_D=042
2022/06/30 11:37:08.403 => State=3, M_D=030, M_S=100, ML_D=000, ML_S=100, R_D=038
2022/06/30 11:37:08.518 => State=3, M_D=030, M_S=100, ML_D=000, ML_S=100, R_D=035
2022/06/30 11:37:08.635 => State=3, M_D=049, M_S=100, ML_D=000, ML_S=100, R_D=035
2022/06/30 11:37:08.685 => State=3, M_D=030, M_S=100, ML_D=000, ML_S=100, R_D=032
2022/06/30 11:37:08.800 => State=3, M_D=030, M_S=100, ML_D=000, ML_S=100, R_D=000
2022/06/30 11:37:08.916 => State=3, M_D=055, M_S=100, ML_D=000, ML_S=100, R_D=030
2022/06/30 11:37:08.968 => State=3, M_D=030, M_S=100, ML_D=000, ML_S=100, R_D=000
2022/06/30 11:37:09.083 => State=3, M_D=030, M_S=100, ML_D=000, ML_S=100, R_D=000
2022/06/30 11:37:09.197 => State=3, M_D=030, M_S=100, ML_D=000, ML_S=100, R_D=000
2022/06/30 11:37:09.249 => State=3, M_D=061, M_S=100, ML_D=000, ML_S=100, R_D=000
2022/06/30 11:37:09.364 => State=3, M_D=058, M_S=100, ML_D=000, ML_S=100, R_D=000
2022/06/30 11:37:09.479 => State=3, M_D=030, M_S=100, ML_D=000, ML_S=100, R_D=000
2022/06/30 11:37:09.530 => State=3, M_D=030, M_S=100, ML_D=000, ML_S=100, R_D=000
2022/06/30 11:37:09.646 => State=3, M_D=030, M_S=100, ML_D=000, ML_S=100, R_D=000
2022/06/30 11:37:09.760 => State=3, M_D=030, M_S=100, ML_D=000, ML_S=100, R_D=000
2022/06/30 11:37:09.876 => State=3, M_D=030, M_S=100, ML_D=000, ML_S=100, R_D=000
2022/06/30 11:37:09.989 => State=3, M_D=041, M_S=100, ML_D=000, ML_S=100, R_D=000
2022/06/30 11:37:10.041 => State=3, M_D=030, M_S=100, ML_D=000, ML_S=100, R_D=000
2022/06/30 11:37:10.156 => State=3, M_D=030, M_S=100, ML_D=000, ML_S=100, R_D=000
2022/06/30 11:37:10.271 => State=3, M_D=072, M_S=100, ML_D=000, ML_S=100, R_D=000
2022/06/30 11:37:10.371 => State=3, M_D=049, M_S=100, ML_D=000, ML_S=100, R_D=000
2022/06/30 11:37:10.486 => State=3, M_D=030, M_S=100, ML_D=000, ML_S=100, R_D=000
2022/06/30 11:37:10.537 => State=3, M_D=030, M_S=100, ML_D=000, ML_S=100, R_D=000
2022/06/30 11:37:10.653 => State=3, M_D=030, M_S=100, ML_D=000, ML_S=100, R_D=000
2022/06/30 11:37:10.767 => State=3, M_D=030, M_S=100, ML_D=000, ML_S=100, R_D=000
2022/06/30 11:37:10.818 => State=3, M_D=030, M_S=100, ML_D=000, ML_S=100, R_D=000
2022/06/30 11:37:10.934 => State=3, M_D=030, M_S=100, ML_D=000, ML_S=100, R_D=000
2022/06/30 11:37:11.048 => State=3, M_D=069, M_S=100, ML_D=000, ML_S=100, R_D=000
2022/06/30 11:37:11.100 => State=3, M_D=030, M_S=100, ML_D=000, ML_S=100, R_D=000
2022/06/30 11:37:11.215 => State=3, M_D=030, M_S=100, ML_D=000, ML_S=100, R_D=000
2022/06/30 11:37:11.330 => State=3, M_D=066, M_S=100, ML_D=000, ML_S=100, R_D=000
2022/06/30 11:37:11.381 => State=3, M_D=030, M_S=100, ML_D=000, ML_S=100, R_D=000
2022/06/30 11:37:11.496 => State=3, M_D=030, M_S=100, ML_D=000, ML_S=100, R_D=000
2022/06/30 11:37:11.610 => State=3, M_D=030, M_S=100, ML_D=000, ML_S=100, R_D=000
2022/06/30 11:37:11.718 => State=3, M_D=030, M_S=100, ML_D=000, ML_S=100, R_D=000
2022/06/30 11:37:11.833 => State=3, M_D=030, M_S=100, ML_D=000, ML_S=100, R_D=000
2022/06/30 11:37:11.885 => State=3, M_D=030, M_S=100, ML_D=000, ML_S=100, R_D=000
2022/06/30 11:37:11.999 => State=3, M_D=030, M_S=094, ML_D=000, ML_S=100, R_D=000
2022/06/30 11:37:12.115 => State=3, M_D=030, M_S=100, ML_D=000, ML_S=100, R_D=000
2022/06/30 11:37:12.166 => State=3, M_D=040, M_S=100, ML_D=000, ML_S=100, R_D=000
2022/06/30 11:37:12.281 => State=3, M_D=046, M_S=099, ML_D=000, ML_S=100, R_D=000
2022/06/30 11:37:12.424 => State=3, M_D=048, M_S=100, ML_D=000, ML_S=100, R_D=000
2022/06/30 11:37:12.538 => State=3, M_D=030, M_S=100, ML_D=000, ML_S=100, R_D=000
2022/06/30 11:37:12.590 => State=3, M_D=030, M_S=100, ML_D=000, ML_S=100, R_D=000
2022/06/30 11:37:12.705 => State=3, M_D=030, M_S=100, ML_D=000, ML_S=100, R_D=000
2022/06/30 11:37:12.820 => State=3, M_D=030, M_S=100, ML_D=000, ML_S=100, R_D=000
2022/06/30 11:37:12.871 => State=3, M_D=051, M_S=100, ML_D=000, ML_S=100, R_D=000
2022/06/30 11:37:12.929 => State=3, M_D=070, M_S=100, ML_D=000, ML_S=100, R_D=000
2022/06/30 11:37:13.046 => State=3, M_D=066, M_S=100, ML_D=000, ML_S=100, R_D=000
2022/06/30 11:37:13.132 => State=3, M_D=030, M_S=100, ML_D=000, ML_S=100, R_D=000
2022/06/30 11:37:13.248 => State=3, M_D=054, M_S=100, ML_D=000, ML_S=100, R_D=000
2022/06/30 11:37:13.298 => State=3, M_D=030, M_S=100, ML_D=000, ML_S=100, R_D=000
2022/06/30 11:37:13.415 => State=3, M_D=054, M_S=100, ML_D=000, ML_S=100, R_D=000
2022/06/30 11:37:13.530 => State=3, M_D=063, M_S=100, ML_D=000, ML_S=100, R_D=000
2022/06/30 11:37:13.581 => State=3, M_D=059, M_S=100, ML_D=000, ML_S=100, R_D=000
2022/06/30 11:37:13.696 => State=3, M_D=047, M_S=100, ML_D=000, ML_S=100, R_D=000
2022/06/30 11:37:13.811 => State=3, M_D=066, M_S=100, ML_D=000, ML_S=100, R_D=031
2022/06/30 11:37:13.916 => State=3, M_D=044, M_S=100, ML_D=000, ML_S=100, R_D=030
2022/06/30 11:37:14.031 => State=3, M_D=041, M_S=100, ML_D=000, ML_S=100, R_D=030
2022/06/30 11:37:14.129 => State=3, M_D=030, M_S=100, ML_D=000, ML_S=100, R_D=000
2022/06/30 11:37:14.245 => State=3, M_D=030, M_S=100, ML_D=000, ML_S=100, R_D=000
2022/06/30 11:37:14.296 => State=3, M_D=030, M_S=100, ML_D=000, ML_S=100, R_D=000
2022/06/30 11:37:14.411 => State=3, M_D=072, M_S=100, ML_D=000, ML_S=100, R_D=000
2022/06/30 11:37:14.488 => State=3, M_D=030, M_S=100, ML_D=000, ML_S=100, R_D=000
2022/06/30 11:37:14.604 => State=3, M_D=087, M_S=100, ML_D=000, ML_S=100, R_D=031
2022/06/30 11:37:14.672 => State=3, M_D=030, M_S=100, ML_D=000, ML_S=100, R_D=000
2022/06/30 11:37:14.724 => State=3, M_D=030, M_S=100, ML_D=000, ML_S=100, R_D=000
2022/06/30 11:37:14.775 => State=3, M_D=058, M_S=100, ML_D=000, ML_S=100, R_D=000
2022/06/30 11:37:14.890 => State=2, M_D=058, M_S=000, ML_D=000, ML_S=100, R_D=030
2022/06/30 11:37:14.982 => State=3, M_D=066, M_S=100, ML_D=000, ML_S=100, R_D=033
2022/06/30 11:37:15.098 => State=3, M_D=063, M_S=100, ML_D=000, ML_S=100, R_D=034
2022/06/30 11:37:15.148 => State=3, M_D=069, M_S=100, ML_D=000, ML_S=100, R_D=036
2022/06/30 11:37:15.199 => State=3, M_D=030, M_S=100, ML_D=000, ML_S=100, R_D=033
2022/06/30 11:37:15.315 => State=3, M_D=030, M_S=100, ML_D=000, ML_S=100, R_D=030
2022/06/30 11:37:15.402 => State=3, M_D=030, M_S=100, ML_D=000, ML_S=100, R_D=000
2022/06/30 11:37:15.517 => State=3, M_D=076, M_S=100, ML_D=000, ML_S=100, R_D=032
2022/06/30 11:37:15.567 => State=3, M_D=030, M_S=100, ML_D=000, ML_S=100, R_D=000
2022/06/30 11:37:15.683 => State=3, M_D=030, M_S=100, ML_D=000, ML_S=100, R_D=000
2022/06/30 11:37:15.799 => State=3, M_D=041, M_S=100, ML_D=000, ML_S=100, R_D=000
2022/06/30 11:37:15.849 => State=3, M_D=077, M_S=100, ML_D=000, ML_S=100, R_D=031
2022/06/30 11:37:15.965 => State=3, M_D=077, M_S=100, ML_D=000, ML_S=100, R_D=034
2022/06/30 11:37:16.080 => State=3, M_D=076, M_S=100, ML_D=000, ML_S=100, R_D=037
2022/06/30 11:37:16.131 => State=3, M_D=070, M_S=100, ML_D=000, ML_S=100, R_D=039
2022/06/30 11:37:16.190 => State=3, M_D=079, M_S=100, ML_D=000, ML_S=100, R_D=041
2022/06/30 11:37:16.305 => State=3, M_D=074, M_S=100, ML_D=000, ML_S=100, R_D=043
2022/06/30 11:37:16.373 => State=3, M_D=030, M_S=100, ML_D=000, ML_S=100, R_D=039
2022/06/30 11:37:16.424 => State=3, M_D=072, M_S=100, ML_D=000, ML_S=100, R_D=041
2022/06/30 11:37:16.475 => State=3, M_D=030, M_S=100, ML_D=000, ML_S=100, R_D=037
2022/06/30 11:37:16.589 => State=3, M_D=045, M_S=100, ML_D=000, ML_S=100, R_D=036
2022/06/30 11:37:16.672 => State=3, M_D=069, M_S=100, ML_D=000, ML_S=100, R_D=038
2022/06/30 11:37:16.788 => State=3, M_D=030, M_S=100, ML_D=000, ML_S=100, R_D=035
2022/06/30 11:37:16.838 => State=3, M_D=030, M_S=100, ML_D=000, ML_S=100, R_D=032
2022/06/30 11:37:16.955 => State=3, M_D=030, M_S=100, ML_D=000, ML_S=100, R_D=000
2022/06/30 11:37:17.068 => State=3, M_D=030, M_S=100, ML_D=000, ML_S=100, R_D=000
2022/06/30 11:37:17.119 => State=3, M_D=056, M_S=100, ML_D=000, ML_S=100, R_D=000
2022/06/30 11:37:17.235 => State=3, M_D=043, M_S=100, ML_D=000, ML_S=100, R_D=000
2022/06/30 11:37:17.350 => State=3, M_D=030, M_S=100, ML_D=000, ML_S=100, R_D=000
2022/06/30 11:37:17.401 => State=3, M_D=045, M_S=100, ML_D=000, ML_S=100, R_D=000
2022/06/30 11:37:17.516 => State=3, M_D=050, M_S=100, ML_D=000, ML_S=100, R_D=000
2022/06/30 11:37:17.631 => State=3, M_D=030, M_S=100, ML_D=000, ML_S=100, R_D=000
2022/06/30 11:37:17.745 => State=3, M_D=030, M_S=100, ML_D=000, ML_S=100, R_D=000
2022/06/30 11:37:17.859 => State=3, M_D=030, M_S=100, ML_D=000, ML_S=100, R_D=000
2022/06/30 11:37:17.909 => State=3, M_D=030, M_S=100, ML_D=000, ML_S=100, R_D=000
2022/06/30 11:37:18.026 => State=3, M_D=030, M_S=100, ML_D=000, ML_S=100, R_D=000
2022/06/30 11:37:18.141 => State=3, M_D=062, M_S=100, ML_D=000, ML_S=100, R_D=000
2022/06/30 11:37:18.192 => State=3, M_D=030, M_S=100, ML_D=000, ML_S=100, R_D=000
2022/06/30 11:37:18.247 => State=3, M_D=030, M_S=100, ML_D=000, ML_S=100, R_D=000
2022/06/30 11:37:18.361 => State=3, M_D=059, M_S=100, ML_D=000, ML_S=100, R_D=000
2022/06/30 11:37:18.423 => State=3, M_D=041, M_S=100, ML_D=000, ML_S=100, R_D=000
2022/06/30 11:37:18.474 => State=3, M_D=030, M_S=100, ML_D=000, ML_S=100, R_D=000
2022/06/30 11:37:18.588 => State=3, M_D=030, M_S=100, ML_D=000, ML_S=100, R_D=000
2022/06/30 11:37:18.639 => State=3, M_D=030, M_S=100, ML_D=000, ML_S=100, R_D=000
2022/06/30 11:37:18.690 => State=3, M_D=050, M_S=100, ML_D=000, ML_S=100, R_D=000
2022/06/30 11:37:18.806 => State=3, M_D=050, M_S=100, ML_D=000, ML_S=100, R_D=000
2022/06/30 11:37:18.921 => State=3, M_D=030, M_S=100, ML_D=000, ML_S=100, R_D=000
2022/06/30 11:37:19.021 => State=3, M_D=030, M_S=100, ML_D=000, ML_S=100, R_D=000
2022/06/30 11:37:19.096 => State=3, M_D=030, M_S=100, ML_D=000, ML_S=100, R_D=000
2022/06/30 11:37:19.211 => State=3, M_D=030, M_S=100, ML_D=000, ML_S=100, R_D=000
2022/06/30 11:37:19.263 => State=3, M_D=030, M_S=100, ML_D=000, ML_S=100, R_D=000
2022/06/30 11:37:19.313 => State=3, M_D=030, M_S=100, ML_D=000, ML_S=100, R_D=000
2022/06/30 11:37:19.427 => State=3, M_D=030, M_S=100, ML_D=000, ML_S=100, R_D=000
2022/06/30 11:37:19.522 => State=3, M_D=030, M_S=100, ML_D=000, ML_S=100, R_D=000
2022/06/30 11:37:19.637 => State=3, M_D=030, M_S=100, ML_D=000, ML_S=100, R_D=000
2022/06/30 11:37:19.703 => State=3, M_D=030, M_S=100, ML_D=000, ML_S=100, R_D=000
2022/06/30 11:37:19.754 => State=3, M_D=030, M_S=100, ML_D=000, ML_S=100, R_D=000
2022/06/30 11:37:19.869 => State=3, M_D=030, M_S=100, ML_D=000, ML_S=100, R_D=000
2022/06/30 11:37:19.985 => State=3, M_D=030, M_S=100, ML_D=000, ML_S=100, R_D=000
2022/06/30 11:37:20.036 => State=3, M_D=030, M_S=100, ML_D=000, ML_S=100, R_D=000
2022/06/30 11:37:20.151 => State=3, M_D=030, M_S=100, ML_D=000, ML_S=100, R_D=000
2022/06/30 11:37:20.266 => State=3, M_D=058, M_S=100, ML_D=000, ML_S=100, R_D=000
2022/06/30 11:37:20.317 => State=3, M_D=030, M_S=100, ML_D=000, ML_S=100, R_D=000
2022/06/30 11:37:20.432 => State=3, M_D=030, M_S=100, ML_D=000, ML_S=100, R_D=000
2022/06/30 11:37:20.546 => State=3, M_D=064, M_S=100, ML_D=000, ML_S=100, R_D=000
2022/06/30 11:37:20.598 => State=3, M_D=030, M_S=100, ML_D=000, ML_S=100, R_D=000
2022/06/30 11:41:26.462 => thread exit, name=ABDData, tid=18228(0x00004734)
2022/06/30 11:41:26.462 => Cancel Read Data
2022/06/30 11:41:26.462 => prepare exit thread..., name=ABDData, tid=18228(0x00004734)
2022/06/30 11:41:26.462 => thread exit over, name=ABDData, tid=18228(0x00004734)
